  sometest.cpp
c:\users\sysoper\desktop\dev\my_workspace\c++\sometest\sometest\sometest.cpp(17): error C3861: 'sqrt': identifier not found
c:\users\sysoper\desktop\dev\my_workspace\c++\sometest\sometest\sometest.cpp(58): error C3861: 'acos': identifier not found
c:\users\sysoper\desktop\dev\my_workspace\c++\sometest\sometest\sometest.cpp(59): error C3861: 'asin': identifier not found
c:\users\sysoper\desktop\dev\my_workspace\c++\sometest\sometest\sometest.cpp(60): error C3861: 'acos': identifier not found
c:\users\sysoper\desktop\dev\my_workspace\c++\sometest\sometest\sometest.cpp(60): error C3861: 'asin': identifier not found
c:\users\sysoper\desktop\dev\my_workspace\c++\sometest\sometest\sometest.cpp(61): error C3861: 'acos': identifier not found
c:\users\sysoper\desktop\dev\my_workspace\c++\sometest\sometest\sometest.cpp(63): error C3861: 'acos': identifier not found
c:\users\sysoper\desktop\dev\my_workspace\c++\sometest\sometest\sometest.cpp(64): error C3861: 'acos': identifier not found
c:\users\sysoper\desktop\dev\my_workspace\c++\sometest\sometest\sometest.cpp(65): error C3861: 'acos': identifier not found
c:\users\sysoper\desktop\dev\my_workspace\c++\sometest\sometest\sometest.cpp(69): error C2143: syntax error: missing ';' before '<'
c:\users\sysoper\desktop\dev\my_workspace\c++\sometest\sometest\sometest.cpp(69): error C4430: missing type specifier - int assumed. Note: C++ does not support default-int
c:\users\sysoper\desktop\dev\my_workspace\c++\sometest\sometest\sometest.cpp(69): error C2143: syntax error: missing ';' before '{'
c:\users\sysoper\desktop\dev\my_workspace\c++\sometest\sometest\sometest.cpp(69): error C2447: '{': missing function header (old-style formal list?)
c:\users\sysoper\desktop\dev\my_workspace\c++\sometest\sometest\sometest.cpp(88): error C2065: 'ostream': undeclared identifier
c:\users\sysoper\desktop\dev\my_workspace\c++\sometest\sometest\sometest.cpp(88): error C2065: 'stream': undeclared identifier
c:\users\sysoper\desktop\dev\my_workspace\c++\sometest\sometest\sometest.cpp(88): error C2062: type 'double' unexpected
c:\users\sysoper\desktop\dev\my_workspace\c++\sometest\sometest\sometest.cpp(88): error C2143: syntax error: missing ';' before '{'
c:\users\sysoper\desktop\dev\my_workspace\c++\sometest\sometest\sometest.cpp(88): error C2447: '{': missing function header (old-style formal list?)
c:\users\sysoper\desktop\dev\my_workspace\c++\sometest\sometest\sometest.cpp(126): error C2065: 'string': undeclared identifier
c:\users\sysoper\desktop\dev\my_workspace\c++\sometest\sometest\sometest.cpp(126): error C2065: 'params': undeclared identifier
c:\users\sysoper\desktop\dev\my_workspace\c++\sometest\sometest\sometest.cpp(126): error C2275: 'InputCase': illegal use of this type as an expression
  c:\users\sysoper\desktop\dev\my_workspace\c++\sometest\sometest\sometest.cpp(11): note: see declaration of 'InputCase'
c:\users\sysoper\desktop\dev\my_workspace\c++\sometest\sometest\sometest.cpp(126): error C2146: syntax error: missing ')' before identifier 'occurence'
c:\users\sysoper\desktop\dev\my_workspace\c++\sometest\sometest\sometest.cpp(126): error C2143: syntax error: missing ';' before '{'
c:\users\sysoper\desktop\dev\my_workspace\c++\sometest\sometest\sometest.cpp(126): error C2447: '{': missing function header (old-style formal list?)
c:\users\sysoper\desktop\dev\my_workspace\c++\sometest\sometest\sometest.cpp(146): error C2065: 'string': undeclared identifier
c:\users\sysoper\desktop\dev\my_workspace\c++\sometest\sometest\sometest.cpp(146): error C2065: 'path': undeclared identifier
c:\users\sysoper\desktop\dev\my_workspace\c++\sometest\sometest\sometest.cpp(146): error C2448: 'IsValidPath': function-style initializer appears to be a function definition
c:\users\sysoper\desktop\dev\my_workspace\c++\sometest\sometest\sometest.cpp(157): error C2065: 'string': undeclared identifier
c:\users\sysoper\desktop\dev\my_workspace\c++\sometest\sometest\sometest.cpp(157): error C2065: 'param': undeclared identifier
c:\users\sysoper\desktop\dev\my_workspace\c++\sometest\sometest\sometest.cpp(157): error C2448: 'IsValidParam': function-style initializer appears to be a function definition
c:\users\sysoper\desktop\dev\my_workspace\c++\sometest\sometest\sometest.cpp(163): error C2065: 'string': undeclared identifier
c:\users\sysoper\desktop\dev\my_workspace\c++\sometest\sometest\sometest.cpp(163): error C2065: 'params': undeclared identifier
c:\users\sysoper\desktop\dev\my_workspace\c++\sometest\sometest\sometest.cpp(163): error C2448: 'CheckParams': function-style initializer appears to be a function definition
c:\users\sysoper\desktop\dev\my_workspace\c++\sometest\sometest\sometest.cpp(194): error C2143: syntax error: missing ';' before '<'
c:\users\sysoper\desktop\dev\my_workspace\c++\sometest\sometest\sometest.cpp(194): error C4430: missing type specifier - int assumed. Note: C++ does not support default-int
c:\users\sysoper\desktop\dev\my_workspace\c++\sometest\sometest\sometest.cpp(194): error C2086: 'int vector': redefinition
  c:\users\sysoper\desktop\dev\my_workspace\c++\sometest\sometest\sometest.cpp(69): note: see declaration of 'vector'
c:\users\sysoper\desktop\dev\my_workspace\c++\sometest\sometest\sometest.cpp(194): error C2143: syntax error: missing ';' before '{'
c:\users\sysoper\desktop\dev\my_workspace\c++\sometest\sometest\sometest.cpp(194): error C2447: '{': missing function header (old-style formal list?)
c:\users\sysoper\desktop\dev\my_workspace\c++\sometest\sometest\sometest.cpp(201): error C2065: 'string': undeclared identifier
c:\users\sysoper\desktop\dev\my_workspace\c++\sometest\sometest\sometest.cpp(201): error C2065: 'line': undeclared identifier
c:\users\sysoper\desktop\dev\my_workspace\c++\sometest\sometest\sometest.cpp(201): error C2448: 'AreNoForbiddenSigns': function-style initializer appears to be a function definition
c:\users\sysoper\desktop\dev\my_workspace\c++\sometest\sometest\sometest.cpp(214): error C2065: 'string': undeclared identifier
c:\users\sysoper\desktop\dev\my_workspace\c++\sometest\sometest\sometest.cpp(214): error C2065: 'line': undeclared identifier
c:\users\sysoper\desktop\dev\my_workspace\c++\sometest\sometest\sometest.cpp(214): error C2448: 'IsNatural': function-style initializer appears to be a function definition
c:\users\sysoper\desktop\dev\my_workspace\c++\sometest\sometest\sometest.cpp(231): error C2065: 'string': undeclared identifier
c:\users\sysoper\desktop\dev\my_workspace\c++\sometest\sometest\sometest.cpp(231): error C2065: 'line': undeclared identifier
c:\users\sysoper\desktop\dev\my_workspace\c++\sometest\sometest\sometest.cpp(231): error C2448: 'IsComplexNumber': function-style initializer appears to be a function definition
c:\users\sysoper\desktop\dev\my_workspace\c++\sometest\sometest\sometest.cpp(287): error C2065: 'string': undeclared identifier
c:\users\sysoper\desktop\dev\my_workspace\c++\sometest\sometest\sometest.cpp(287): error C2065: 'line': undeclared identifier
c:\users\sysoper\desktop\dev\my_workspace\c++\sometest\sometest\sometest.cpp(287): error C2448: 'CheckInput': function-style initializer appears to be a function definition
c:\users\sysoper\desktop\dev\my_workspace\c++\sometest\sometest\sometest.cpp(311): error C2065: 'string': undeclared identifier
c:\users\sysoper\desktop\dev\my_workspace\c++\sometest\sometest\sometest.cpp(311): error C2065: 'line': undeclared identifier
c:\users\sysoper\desktop\dev\my_workspace\c++\sometest\sometest\sometest.cpp(311): error C2448: 'GetValuesFromInput': function-style initializer appears to be a function definition
c:\users\sysoper\desktop\dev\my_workspace\c++\sometest\sometest\sometest.cpp(380): error C2065: 'istream': undeclared identifier
c:\users\sysoper\desktop\dev\my_workspace\c++\sometest\sometest\sometest.cpp(380): error C2065: 'in': undeclared identifier
c:\users\sysoper\desktop\dev\my_workspace\c++\sometest\sometest\sometest.cpp(380): error C2065: 'ostream': undeclared identifier
c:\users\sysoper\desktop\dev\my_workspace\c++\sometest\sometest\sometest.cpp(380): error C2065: 'out': undeclared identifier
c:\users\sysoper\desktop\dev\my_workspace\c++\sometest\sometest\sometest.cpp(380): error C2448: 'Calculate': function-style initializer appears to be a function definition
c:\users\sysoper\desktop\dev\my_workspace\c++\sometest\sometest\sometest.cpp(405): error C2065: 'string': undeclared identifier
c:\users\sysoper\desktop\dev\my_workspace\c++\sometest\sometest\sometest.cpp(405): error C2065: 'params': undeclared identifier
c:\users\sysoper\desktop\dev\my_workspace\c++\sometest\sometest\sometest.cpp(405): error C3861: 'ReadParams': identifier not found
c:\users\sysoper\desktop\dev\my_workspace\c++\sometest\sometest\sometest.cpp(407): error C2065: 'params': undeclared identifier
c:\users\sysoper\desktop\dev\my_workspace\c++\sometest\sometest\sometest.cpp(409): error C2065: 'cout': undeclared identifier
c:\users\sysoper\desktop\dev\my_workspace\c++\sometest\sometest\sometest.cpp(412): error C2065: 'cout': undeclared identifier
c:\users\sysoper\desktop\dev\my_workspace\c++\sometest\sometest\sometest.cpp(415): error C2065: 'params': undeclared identifier
c:\users\sysoper\desktop\dev\my_workspace\c++\sometest\sometest\sometest.cpp(415): error C3861: 'SortParams': identifier not found
c:\users\sysoper\desktop\dev\my_workspace\c++\sometest\sometest\sometest.cpp(416): error C2065: 'ifstream': undeclared identifier
c:\users\sysoper\desktop\dev\my_workspace\c++\sometest\sometest\sometest.cpp(416): error C2146: syntax error: missing ';' before identifier 'iFile'
c:\users\sysoper\desktop\dev\my_workspace\c++\sometest\sometest\sometest.cpp(416): error C2065: 'params': undeclared identifier
c:\users\sysoper\desktop\dev\my_workspace\c++\sometest\sometest\sometest.cpp(416): error C3861: 'iFile': identifier not found
c:\users\sysoper\desktop\dev\my_workspace\c++\sometest\sometest\sometest.cpp(419): error C2065: 'cout': undeclared identifier
c:\users\sysoper\desktop\dev\my_workspace\c++\sometest\sometest\sometest.cpp(419): error C2065: 'endl': undeclared identifier
c:\users\sysoper\desktop\dev\my_workspace\c++\sometest\sometest\sometest.cpp(420): error C2065: 'params': undeclared identifier
c:\users\sysoper\desktop\dev\my_workspace\c++\sometest\sometest\sometest.cpp(420): error C3861: 'SortParams': identifier not found
c:\users\sysoper\desktop\dev\my_workspace\c++\sometest\sometest\sometest.cpp(424): error C2065: 'cout': undeclared identifier
c:\users\sysoper\desktop\dev\my_workspace\c++\sometest\sometest\sometest.cpp(424): error C2065: 'endl': undeclared identifier
c:\users\sysoper\desktop\dev\my_workspace\c++\sometest\sometest\sometest.cpp(425): error C2065: 'params': undeclared identifier
c:\users\sysoper\desktop\dev\my_workspace\c++\sometest\sometest\sometest.cpp(425): error C3861: 'SortParams': identifier not found
c:\users\sysoper\desktop\dev\my_workspace\c++\sometest\sometest\sometest.cpp(428): error C2065: 'cout': undeclared identifier
c:\users\sysoper\desktop\dev\my_workspace\c++\sometest\sometest\sometest.cpp(428): error C2065: 'endl': undeclared identifier
c:\users\sysoper\desktop\dev\my_workspace\c++\sometest\sometest\sometest.cpp(429): error C2065: 'cin': undeclared identifier
c:\users\sysoper\desktop\dev\my_workspace\c++\sometest\sometest\sometest.cpp(429): error C2065: 'cout': undeclared identifier
c:\users\sysoper\desktop\dev\my_workspace\c++\sometest\sometest\sometest.cpp(407): fatal error C1903: unable to recover from previous error(s); stopping compilation
  INTERNAL COMPILER ERROR in 'C:\Program Files (x86)\Microsoft Visual Studio\2017\Community\VC\Tools\MSVC\14.11.25503\bin\HostX86\x86\CL.exe'
      Please choose the Technical Support command on the Visual C++
      Help menu, or open the Technical Support help file for more information
